C51 COMPILER V9.00   12864                                                                 05/06/2017 12:02:06 PAGE 1   


C51 COMPILER V9.00, COMPILATION OF MODULE 12864
OBJECT MODULE PLACED IN 12864.OBJ
COMPILER INVOKED BY: D:\安装包2\keil4\C51\BIN\C51.EXE 12864.c BROWSE DEBUG OBJECTEXTEND

line level    source

   1          #include<12864.h>
   2          
   3          void delay(uint z)
   4          {
   5   1              uint i,j;
   6   1              for(i=z;i>0;i--)
   7   1                      for(j=110;j>0;j--);
   8   1      }
   9          
  10          void write_cmd(uchar cmd)
  11          {
  12   1              RS=0;
  13   1              RW=0;
  14   1              EN=0;
  15   1              P0=cmd;
  16   1              EN=1;
  17   1              delay(5);
  18   1              EN=0;
  19   1              delay(5);
  20   1      }
  21          
  22          void write_date(uchar date)
  23          {
  24   1              RS=1;
  25   1              RW=0;
  26   1              EN=0;
  27   1              P0=date;
  28   1              EN=1;
  29   1              delay(5);
  30   1              EN=0;
  31   1              delay(5);       
  32   1      }
  33          
  34          void write_word(unsigned char *s)
  35          {
  36   1              while(*s>0)
  37   1              {
  38   2                      write_date(*s);
  39   2                      s++;
  40   2              }
  41   1      }
  42          
  43          void lcd_init()
  44          {
  45   1              PSB=1;
  46   1              write_cmd(0x30);                  //基本操作指令
  47   1              delay(5);                                 
  48   1              write_cmd(0x0c);                  //显示开关光标
  49   1              delay(5);
  50   1              write_cmd(0x01);                  //清除LCD显示内容
  51   1              delay(5);
  52   1      }
  53          
  54          /*------------------------------------------------
  55                                清屏
C51 COMPILER V9.00   12864                                                                 05/06/2017 12:02:06 PAGE 2   

  56          ------------------------------------------------*/
  57          void ClrScreen()
  58          { 
  59   1          write_cmd(0x01);
  60   1          delay(5);
  61   1      }
  62          
  63          
  64          // void main()
  65          //{     
  66          //      lcd_init();
  67          //
  68          //      while(1)
  69          //      {
  70          //              write_cmd(0x80+2);      //第1行
  71          
  72          //      write_date(wen);
  73          //      write_word("吴小同");
  74          //              write_cmd(0x90);  //第二行
  75          //              write_word("吴小童2");
  76          //              write_cmd(0x88);  //第三行
  77          //              write_word("吴小童3");
  78          //              write_cmd(0x98);   //第四行
  79          //              write_word("吴小童4");  
  80                          
  81          //      }
  82          //}


MODULE INFORMATION:   STATIC OVERLAYABLE
   CODE SIZE        =    134    ----
   CONSTANT SIZE    =   ----    ----
   XDATA SIZE       =   ----    ----
   PDATA SIZE       =   ----    ----
   DATA SIZE        =   ----    ----
   IDATA SIZE       =   ----    ----
   BIT SIZE         =   ----    ----
END OF MODULE INFORMATION.


C51 COMPILATION COMPLETE.  0 WARNING(S),  0 ERROR(S)
