C51 COMPILER V9.00   GPES                                                                  05/06/2017 12:02:07 PAGE 1   


C51 COMPILER V9.00, COMPILATION OF MODULE GPES
OBJECT MODULE PLACED IN GPES.OBJ
COMPILER INVOKED BY: D:\安装包2\keil4\C51\BIN\C51.EXE GPES.c BROWSE DEBUG OBJECTEXTEND

line level    source

   1          #include<GPRS.h>
   2          
   3          void SerialInti()
   4          {
   5   1      //      TMOD=0x20;//定时器1操作模式2:8位自动重载定时器
   6   1          TMOD=0x21;
   7   1      #ifdef FOSC_12M            //在这里根据晶振大小设置不同的数值初始化串口
                      TH1=0xf3;//装入初值，波特率2400
                      TL1=0xf3;       
              #else   
  11   1              TH1=0xfd;//装入初值，波特率9600
  12   1              TL1=0xfd;
  13   1      #endif //end of SOC_12M
  14   1              
  15   1              TR1=1;//打开定时器
  16   1              SM0=0;//设置串行通讯工作模式，（10为一部发送，波特率可变，由定时器1的溢出率控制）
  17   1              SM1=1;//(同上)在此模式下，定时器溢出一次就发送一个位的数据
  18   1              REN=1;//串行接收允许位（要先设置sm0sm1再开串行允许）
  19   1              EA=1;//开总中断
  20   1              ES=1;//开串行口中断
  21   1      
  22   1              ET0=1;
  23   1              TR0=1;
  24   1              TH0=(65536-50000)/256;
  25   1              TL0=(65536-50000)%256;
  26   1                      
  27   1      }
  28          
  29          /*串行通讯中断，收发完成将进入该中断*/
  30          void Serial_interrupt() interrupt 4 
  31          {
  32   1      //      a=SBUF;
  33   1              P2=SBUF;
  34   1              RI=0;//接收中断信号清零，表示将继续接收
  35   1      //      flag=1;//进入中断的标志符号
  36   1      }
  37          
  38          
  39          void Uart1Send(uchar c)
  40          {
  41   1              SBUF=c;
  42   1              while(!TI);//等待发送完成信号（TI=1）出现
  43   1              TI=0;   
  44   1      }
  45          
  46          //串行口连续发送char型数组，遇到终止号/0将停止
  47          void Uart1Sends(uchar *str)
  48          {
  49   1              while(*str!='\0')
  50   1              {
  51   2                      SBUF=*str;
  52   2                      while(!TI);//等待发送完成信号（TI=1）出现
  53   2                      TI=0;
  54   2                      str++;
  55   2              }
C51 COMPILER V9.00   GPES                                                                  05/06/2017 12:02:07 PAGE 2   

  56   1      }
  57          
  58          //延时函数大概是1s钟，不过延时大的话不准...
  59          void DelaySec(int sec)
  60          {
  61   1              uint i , j= 0;
  62   1      
  63   1              for(i=0; i<sec; i++)
  64   1              {
  65   2                      for(j=0; j<65535; j++)
  66   2                      {       
  67   3                      }
  68   2              }
  69   1      }
  70          
  71          //void send_massage_byte(unsigned char str)
  72          //{
  73          ////void main()
  74          ////{
  75          ////    uchar i = 0;
  76          ////    SerialInti();
  77          ////    while(1)
  78          //
  79          //              Uart1Sends("AT+CSCS=\"GSM\"\r\n");
  80          //              DelaySec(3);//延时3秒
  81          //              Uart1Sends("AT+CMGF=1\r\n");
  82          //              DelaySec(3);//延时3秒
  83          //              Uart1Sends("AT+CMGS=\"18051361936\"\r\n");//此处修改为对方的电话号      //18051361936
  84          //              DelaySec(5);//延时3秒
  85          //      //      Uart1Sends(str);//修改短信内容
  86          //              Uart1Send(str);
  87          //              Uart1Send(0x1a);
  88          //              DelaySec(10);//延时20秒
  89          //              Uart1Sends("AT+CMGD=1\r\n");//删除SIM卡中的内容
  90          //              DelaySec(3);//延时3秒
  91          //      
  92          //
  93          //}
  94          //void send_massage(unsigned char *str)
  95          //{
  96          ////void main()
  97          ////{
  98          ////    uchar i = 0;
  99          ////    SerialInti();
 100          ////    while(1)
 101          //
 102          //              Uart1Sends("AT+CSCS=\"GSM\"\r\n");
 103          //              DelaySec(3);//延时3秒
 104          //              Uart1Sends("AT+CMGF=1\r\n");
 105          //              DelaySec(3);//延时3秒
 106          //              Uart1Sends("AT+CMGS=\"15605229508\"\r\n");//此处修改为对方的电话号
 107          //              DelaySec(5);//延时3秒
 108          //              Uart1Sends(str);//修改短信内容
 109          //      //      Uart1Send(str);
 110          //              Uart1Send(0x1a);
 111          //              DelaySec(10);//延时20秒
 112          //              Uart1Sends("A+CMGD=1\r\nT");//删除SIM卡中的内容
 113          //              DelaySec(3);//延时3秒
 114          //      
 115          //
 116          //}

C51 COMPILER V9.00   GPES                                                                  05/06/2017 12:02:07 PAGE 3   


MODULE INFORMATION:   STATIC OVERLAYABLE
   CODE SIZE        =    126    ----
   CONSTANT SIZE    =   ----    ----
   XDATA SIZE       =   ----    ----
   PDATA SIZE       =   ----    ----
   DATA SIZE        =   ----       4
   IDATA SIZE       =   ----    ----
   BIT SIZE         =   ----    ----
END OF MODULE INFORMATION.


C51 COMPILATION COMPLETE.  0 WARNING(S),  0 ERROR(S)
