C51 COMPILER V9.00   MAIN                                                                  05/06/2017 12:02:07 PAGE 1   


C51 COMPILER V9.00, COMPILATION OF MODULE MAIN
OBJECT MODULE PLACED IN main.OBJ
COMPILER INVOKED BY: D:\安装包2\keil4\C51\BIN\C51.EXE main.c BROWSE DEBUG OBJECTEXTEND

line level    source

   1          #include  <REG52.H>     
   2          #include  <math.h>      
   3          #include  <stdio.h>     
   4          #include  <INTRINS.H>
   5          #include<12864.h>
   6          #include<STC_BH1750.h>
   7          #include<GPRS.h>
   8          #include<DHT11.h>
   9          #include<send_all.h>
  10          #include<key.h>
  11          #include<start.h>
  12          #include<tu.h>
  13           //extern unsigned char flag,flag1=0;
  14          unsigned int tt;
  15          // extern unsigned int temperature,temp; 
  16          void main()
  17          {  
  18   1      
  19   1         Init_BH1750();       //初始化BH1750
  20   1         lcd_init();
  21   1         SerialInti(); // gprs初始化
  22   1         // Uart1Sends("AT+CMGD=1\r\n");//删除SIM卡中的内容
  23   1        //    DelaySec(3);//延时3秒
  24   1        while(1)             
  25   1        { 
  26   2      
  27   2      //      if(flag1==1)
  28   2      //      {
  29   2      //      flag1=0;
  30   2      //      send_all();
  31   2      //      }
  32   2      
  33   2           key();
  34   2               key_display();
  35   2       
  36   2        
  37   2      
  38   2      //      all_Display();
  39   2        }
  40   1      
  41   1      }
  42          void tinmer0 () interrupt 1
  43          {
  44   1      
  45   1          TH0=(65536-50000)/256;
  46   1              TL0=(65536-50000)%256;
  47   1                
  48   1              tt++;
  49   1              if(tt==500)
  50   1              {
  51   2                tt=0;  
  52   2                send_all();  
  53   2      
  54   2              }
  55   1        
C51 COMPILER V9.00   MAIN                                                                  05/06/2017 12:02:07 PAGE 2   

  56   1      } 
  57          
  58          
  59          
  60          
  61          
  62          
  63          
  64          
  65          
  66          
  67          
  68          
  69          


MODULE INFORMATION:   STATIC OVERLAYABLE
   CODE SIZE        =    104    ----
   CONSTANT SIZE    =   ----    ----
   XDATA SIZE       =   ----    ----
   PDATA SIZE       =   ----    ----
   DATA SIZE        =      2    ----
   IDATA SIZE       =   ----    ----
   BIT SIZE         =   ----    ----
END OF MODULE INFORMATION.


C51 COMPILATION COMPLETE.  0 WARNING(S),  0 ERROR(S)
