C51 COMPILER V9.00   SEND_ALL                                                              05/06/2017 12:02:09 PAGE 1   


C51 COMPILER V9.00, COMPILATION OF MODULE SEND_ALL
OBJECT MODULE PLACED IN send_all.OBJ
COMPILER INVOKED BY: D:\°²×°°ü2\keil4\C51\BIN\C51.EXE send_all.c BROWSE DEBUG OBJECTEXTEND

line level    source

   1          #include<send_all.h>
   2          
   3          
   4          
   5          void send_all()
   6          
   7          {
   8   1       gprs_senBH1750();
   9   1       gprs_senDHT11();
  10   1       gprs_tu(); 
  11   1       }


MODULE INFORMATION:   STATIC OVERLAYABLE
   CODE SIZE        =      9    ----
   CONSTANT SIZE    =   ----    ----
   XDATA SIZE       =   ----    ----
   PDATA SIZE       =   ----    ----
   DATA SIZE        =   ----    ----
   IDATA SIZE       =   ----    ----
   BIT SIZE         =   ----    ----
END OF MODULE INFORMATION.


C51 COMPILATION COMPLETE.  0 WARNING(S),  0 ERROR(S)
