C51 COMPILER V9.00   TU                                                                    05/06/2017 12:02:11 PAGE 1   


C51 COMPILER V9.00, COMPILATION OF MODULE TU
OBJECT MODULE PLACED IN tu.OBJ
COMPILER INVOKED BY: D:\安装包2\keil4\C51\BIN\C51.EXE tu.c BROWSE DEBUG OBJECTEXTEND

line level    source

   1          #include<tu.h>
   2          unsigned int temperature,temp; 
   3           unsigned char  j,l      ;
   4          /*------------------------------------------------
   5                              18b20初始化
   6          ------------------------------------------------*/
   7          bit Init_DS18B20(void)
   8          {
   9   1       bit dat=0;
  10   1       DQ = 1;    //DQ复位
  11   1       DelayUs2x(5);   //稍做延时
  12   1       DQ = 0;         //单片机将DQ拉低
  13   1       DelayUs2x(200); //精确延时 大于 480us 小于960us
  14   1       DelayUs2x(200);
  15   1       DQ = 1;        //拉高总线
  16   1       DelayUs2x(50); //15~60us 后 接收60-240us的存在脉冲
  17   1       dat=DQ;        //如果x=0则初始化成功, x=1则初始化失败
  18   1       DelayUs2x(25); //稍作延时返回
  19   1       return dat;
  20   1      }
  21          
  22          /*------------------------------------------------
  23                              读取一个字节
  24          ------------------------------------------------*/
  25          unsigned char ReadOneChar(void)
  26          {
  27   1      unsigned char i=0;
  28   1      unsigned char dat = 0;
  29   1      for (i=8;i>0;i--)
  30   1       {
  31   2        DQ = 0; // 给脉冲信号
  32   2        dat>>=1;
  33   2        DQ = 1; // 给脉冲信号
  34   2        if(DQ)
  35   2         dat|=0x80;
  36   2        DelayUs2x(25);
  37   2       }
  38   1       return(dat);
  39   1      }
  40          /*------------------------------------------------
  41                              写入一个字节
  42          ------------------------------------------------*/
  43          void WriteOneChar(unsigned char dat)
  44          {
  45   1       unsigned char i=0;
  46   1       for (i=8; i>0; i--)
  47   1       {
  48   2        DQ = 0;
  49   2        DQ = dat&0x01;
  50   2        DelayUs2x(25);
  51   2        DQ = 1;
  52   2        dat>>=1;
  53   2       }
  54   1      DelayUs2x(25);
  55   1      }
C51 COMPILER V9.00   TU                                                                    05/06/2017 12:02:11 PAGE 2   

  56          
  57          /*------------------------------------------------
  58                              读取温度
  59          ------------------------------------------------*/
  60          unsigned int ReadTemperature(void)
  61          {
  62   1      unsigned char a=0;
  63   1      unsigned int b=0;
  64   1      unsigned int t=0;
  65   1      Init_DS18B20();
  66   1      WriteOneChar(0xCC); // 跳过读序号列号的操作
  67   1      WriteOneChar(0x44); // 启动温度转换
  68   1      DelayMs(10);
  69   1      Init_DS18B20();
  70   1      WriteOneChar(0xCC); //跳过读序号列号的操作 
  71   1      WriteOneChar(0xBE); //读取温度寄存器等（共可读9个寄存器） 前两个就是温度
  72   1      a=ReadOneChar();   //低位
  73   1      b=ReadOneChar();   //高位
  74   1      
  75   1      b<<=8;
  76   1      t=a+b;
  77   1      
  78   1      return(t);
  79   1      }
  80          
  81          void tu_display()
  82          {  
  83   1      
  84   1               temp=ReadTemperature();
  85   1          temperature=(int)temp*0.0625;
  86   1              j=temperature/10+0x30;
  87   1              l=temperature%10+0x30;
  88   1                write_cmd(0x98);
  89   1               write_word("土壤温度");
  90   1              write_cmd(0x98+5);
  91   1              write_date(j);
  92   1      //      write_cmd(0x98+6);
  93   1          write_date(l);
  94   1              write_word("C");
  95   1      
  96   1      }
  97          
  98          void gprs_tu()
  99          { 
 100   1              Uart1Send(j);   // 土壤温度十位
 101   1              Uart1Send(l);   // 土壤温度个位
 102   1              Uart1Send(0x1a);
 103   1          DelaySec(5);//延时20秒                
 104   1      }
 105          
 106          
 107          


MODULE INFORMATION:   STATIC OVERLAYABLE
   CODE SIZE        =    303    ----
   CONSTANT SIZE    =     11    ----
   XDATA SIZE       =   ----    ----
   PDATA SIZE       =   ----    ----
   DATA SIZE        =      6       5
   IDATA SIZE       =   ----    ----
   BIT SIZE         =   ----       1
C51 COMPILER V9.00   TU                                                                    05/06/2017 12:02:11 PAGE 3   

END OF MODULE INFORMATION.


C51 COMPILATION COMPLETE.  0 WARNING(S),  0 ERROR(S)
